E, [2022-10-12T12:16:31.740178 #215160] ERROR -- Kitchen: ------Exception-------
E, [2022-10-12T12:16:31.740240 #215160] ERROR -- Kitchen: Class: Kitchen::UserError
E, [2022-10-12T12:16:31.740254 #215160] ERROR -- Kitchen: Message: Kitchen YAML file /home/ajay/chef/chef-repo/cookbooks/kitchen.yml does not exist.
E, [2022-10-12T12:16:31.740262 #215160] ERROR -- Kitchen: ----------------------
E, [2022-10-12T12:16:31.740270 #215160] ERROR -- Kitchen: ------Backtrace-------
E, [2022-10-12T12:16:31.740276 #215160] ERROR -- Kitchen: /opt/chef-workstation/embedded/lib/ruby/gems/3.0.0/gems/test-kitchen-3.1.0/lib/kitchen/loader/yaml.rb:65:in `read'
E, [2022-10-12T12:16:31.740284 #215160] ERROR -- Kitchen: /opt/chef-workstation/embedded/lib/ruby/gems/3.0.0/gems/test-kitchen-3.1.0/lib/kitchen/config.rb:153:in `data'
E, [2022-10-12T12:16:31.740292 #215160] ERROR -- Kitchen: /opt/chef-workstation/embedded/lib/ruby/gems/3.0.0/gems/test-kitchen-3.1.0/lib/kitchen/config.rb:131:in `suites'
E, [2022-10-12T12:16:31.740300 #215160] ERROR -- Kitchen: /opt/chef-workstation/embedded/lib/ruby/gems/3.0.0/gems/test-kitchen-3.1.0/lib/kitchen/config.rb:183:in `filter_instances'
E, [2022-10-12T12:16:31.740307 #215160] ERROR -- Kitchen: /opt/chef-workstation/embedded/lib/ruby/gems/3.0.0/gems/test-kitchen-3.1.0/lib/kitchen/config.rb:142:in `build_instances'
E, [2022-10-12T12:16:31.740315 #215160] ERROR -- Kitchen: /opt/chef-workstation/embedded/lib/ruby/gems/3.0.0/gems/test-kitchen-3.1.0/lib/kitchen/config.rb:116:in `instances'
E, [2022-10-12T12:16:31.740322 #215160] ERROR -- Kitchen: /opt/chef-workstation/embedded/lib/ruby/gems/3.0.0/gems/test-kitchen-3.1.0/lib/kitchen/command.rb:109:in `filtered_instances'
E, [2022-10-12T12:16:31.740329 #215160] ERROR -- Kitchen: /opt/chef-workstation/embedded/lib/ruby/gems/3.0.0/gems/test-kitchen-3.1.0/lib/kitchen/command.rb:139:in `parse_subcommand'
E, [2022-10-12T12:16:31.740337 #215160] ERROR -- Kitchen: /opt/chef-workstation/embedded/lib/ruby/gems/3.0.0/gems/test-kitchen-3.1.0/lib/kitchen/command/list.rb:29:in `call'
E, [2022-10-12T12:16:31.740344 #215160] ERROR -- Kitchen: /opt/chef-workstation/embedded/lib/ruby/gems/3.0.0/gems/test-kitchen-3.1.0/lib/kitchen/cli.rb:52:in `perform'
E, [2022-10-12T12:16:31.740351 #215160] ERROR -- Kitchen: /opt/chef-workstation/embedded/lib/ruby/gems/3.0.0/gems/test-kitchen-3.1.0/lib/kitchen/cli.rb:120:in `list'
E, [2022-10-12T12:16:31.740359 #215160] ERROR -- Kitchen: /opt/chef-workstation/embedded/lib/ruby/gems/3.0.0/gems/thor-1.1.0/lib/thor/command.rb:27:in `run'
E, [2022-10-12T12:16:31.740366 #215160] ERROR -- Kitchen: /opt/chef-workstation/embedded/lib/ruby/gems/3.0.0/gems/thor-1.1.0/lib/thor/invocation.rb:127:in `invoke_command'
E, [2022-10-12T12:16:31.740374 #215160] ERROR -- Kitchen: /opt/chef-workstation/embedded/lib/ruby/gems/3.0.0/gems/thor-1.1.0/lib/thor.rb:392:in `dispatch'
E, [2022-10-12T12:16:31.740382 #215160] ERROR -- Kitchen: /opt/chef-workstation/embedded/lib/ruby/gems/3.0.0/gems/thor-1.1.0/lib/thor/base.rb:485:in `start'
E, [2022-10-12T12:16:31.740390 #215160] ERROR -- Kitchen: /opt/chef-workstation/embedded/lib/ruby/gems/3.0.0/gems/test-kitchen-3.1.0/bin/kitchen:11:in `block in <top (required)>'
E, [2022-10-12T12:16:31.740398 #215160] ERROR -- Kitchen: /opt/chef-workstation/embedded/lib/ruby/gems/3.0.0/gems/test-kitchen-3.1.0/lib/kitchen/errors.rb:170:in `with_friendly_errors'
E, [2022-10-12T12:16:31.740406 #215160] ERROR -- Kitchen: /opt/chef-workstation/embedded/lib/ruby/gems/3.0.0/gems/test-kitchen-3.1.0/bin/kitchen:11:in `<top (required)>'
E, [2022-10-12T12:16:31.740413 #215160] ERROR -- Kitchen: /usr/bin/kitchen:376:in `load'
E, [2022-10-12T12:16:31.740421 #215160] ERROR -- Kitchen: /usr/bin/kitchen:376:in `<main>'
E, [2022-10-12T12:16:31.740428 #215160] ERROR -- Kitchen: ----End Backtrace-----
